0 info it worked if it ends with ok
1 verbose cli [ 'node', '/usr/local/bin/npm', 'add-user' ]
2 info using npm@1.4.3
3 info using node@v0.10.26
4 warn Password passwords cannot contain these characters: '!:@"
5 error Error: canceled
5 error     at Interface.<anonymous> (/usr/local/lib/node_modules/npm/node_modules/read/lib/read.js:66:13)
5 error     at Interface.EventEmitter.emit (events.js:92:17)
5 error     at Interface._ttyWrite (readline.js:620:16)
5 error     at ReadStream.onkeypress (readline.js:99:10)
5 error     at ReadStream.EventEmitter.emit (events.js:98:17)
5 error     at emitKey (readline.js:1095:12)
5 error     at ReadStream.onData (readline.js:840:14)
5 error     at ReadStream.EventEmitter.emit (events.js:95:17)
5 error     at ReadStream.<anonymous> (_stream_readable.js:746:14)
5 error     at ReadStream.EventEmitter.emit (events.js:92:17)
6 error If you need help, you may report this *entire* log,
6 error including the npm and node versions, at:
6 error     <http://github.com/npm/npm/issues>
7 error System Darwin 13.3.0
8 error command "node" "/usr/local/bin/npm" "add-user"
9 error cwd /Users/blakecallens/www/kayfabe
10 error node -v v0.10.26
11 error npm -v 1.4.3
12 verbose exit [ 1, true ]
